2019-03-14 13:39:47,863 -SOAP - INFO - 
2019-03-14 13:41:57,915 -SOAP - INFO - Start SOAP server at 127.0.0.1, 8000
2019-03-14 14:02:36,800 - SOAP - INFO - Start SOAP server at 127.0.0.1:8000
2019-03-14 14:03:37,444 - SOAP - INFO - Called method get_type_all
2019-03-14 14:03:37,460 - SOAP - INFO - Match 9 records
2019-03-14 14:03:55,627 - SOAP - INFO - Called method get_class_all
2019-03-14 14:03:55,676 - SOAP - INFO - Match 12 records
2019-03-14 14:04:07,719 - SOAP - INFO - Called method set_class with parameters: name=MyClass12,num_of_methods=19, num_of_properties=19
2019-03-14 14:04:07,822 - SOAP - INFO - Called method get_class_all
2019-03-14 14:04:07,823 - SOAP - INFO - Match 13 records
2019-03-14 14:04:16,229 - SOAP - INFO - Called method delete_class with parameters: iid=21
2019-03-14 14:04:16,273 - SOAP - INFO - Called method get_class_all
2019-03-14 14:04:16,274 - SOAP - INFO - Match 12 records
2019-03-14 14:15:48,862 - SOAP - INFO - Start server at 127.0.0.1:8000
2019-03-14 14:32:34,534 - SOAP - INFO - Called method get_type_all
2019-03-14 14:32:34,583 - SOAP - INFO - Match 9 records
2019-03-14 14:32:35,401 - SOAP - INFO - Called method get_math_operation_all
2019-03-14 14:32:35,405 - SOAP - INFO - Match 15 records
2019-03-14 14:34:21,317 - SOAP - INFO - Called method get_class_all
2019-03-14 14:34:21,319 - SOAP - INFO - Match 12 records
2019-03-14 14:34:29,842 - SOAP - INFO - Called method set_class with parameters: name=MyClass12,num_of_methods=48, num_of_properties=59
2019-03-14 14:34:29,887 - SOAP - INFO - Called method get_class_all
2019-03-14 14:34:29,889 - SOAP - INFO - Match 13 records
2019-03-14 14:34:34,128 - SOAP - INFO - Called method reset_class with parameters: iid=22, name=MyClass12,num_of_methods=48, num_of_properties=5
2019-03-14 14:34:34,158 - SOAP - INFO - Called method get_class_all
2019-03-14 14:34:34,160 - SOAP - INFO - Match 13 records
2019-03-14 14:34:36,104 - SOAP - INFO - Called method delete_class with parameters: iid=22
2019-03-14 14:34:36,143 - SOAP - INFO - Called method get_class_all
2019-03-14 14:34:36,145 - SOAP - INFO - Match 12 records
2019-03-14 19:17:44,280 - SOAP - INFO - Called method get_type_all
2019-03-14 19:17:44,380 - SOAP - INFO - Match 9 records
2019-03-14 19:17:45,413 - SOAP - INFO - Called method get_math_operation_all
2019-03-14 19:17:45,415 - SOAP - INFO - Match 15 records
2019-03-14 19:17:46,264 - SOAP - INFO - Called method get_class_all
2019-03-14 19:17:46,266 - SOAP - INFO - Match 12 records
2019-03-14 19:17:48,235 - SOAP - INFO - Called method get_math_operation_all
2019-03-14 19:17:48,237 - SOAP - INFO - Match 15 records
2019-03-14 19:17:50,364 - SOAP - INFO - Called method get_type_all
2019-03-14 19:17:50,368 - SOAP - INFO - Match 9 records
2019-03-14 19:18:56,260 - SOAP - INFO - Start server at 127.0.0.1:8000
2019-03-14 19:19:05,910 - SOAP - INFO - Called method get_type_all
2019-03-14 19:19:05,928 - SOAP - INFO - Match 9 records
2019-03-14 19:19:07,187 - SOAP - INFO - Called method get_math_operation_all
2019-03-14 19:19:07,191 - SOAP - INFO - Match 15 records
2019-03-14 19:19:08,030 - SOAP - INFO - Called method get_class_all
2019-03-14 19:19:08,033 - SOAP - INFO - Match 12 records
2019-03-14 19:19:08,937 - SOAP - INFO - Called method get_type_all
2019-03-14 19:19:08,940 - SOAP - INFO - Match 9 records
2019-03-14 19:19:32,782 - SOAP - INFO - Start server at 127.0.0.1:8005
2019-03-14 19:34:57,774 - SOAP - INFO - Start server at 127.0.0.1:8000
2019-03-14 19:35:15,047 - SOAP - INFO - Called method get_type_all
2019-03-14 19:35:15,068 - SOAP - INFO - Match 9 records
2019-03-14 19:35:15,855 - SOAP - INFO - Called method get_math_operation_all
2019-03-14 19:35:15,858 - SOAP - INFO - Match 15 records
2019-03-14 19:41:02,947 - SOAP - INFO - Called method get_math_operation_all
2019-03-14 19:41:02,950 - SOAP - INFO - Match 15 records
2019-03-14 19:41:35,900 - SOAP - INFO - Called method set_math_operation with parameters: name=Andrey(c),type_of_argument=порядковый, type_of_value=порядковый, description=Делает пидором
2019-03-14 19:41:36,224 - SOAP - INFO - Called method get_math_operation_all
2019-03-14 19:41:36,226 - SOAP - INFO - Match 16 records
2019-03-14 19:41:36,256 - SOAP - INFO - Called method reset_math_operation with parameters: iid=17, name=Andrey(c),type_of_argument=порядковый, type_of_value=порядковый, description=Делает пидором
2019-03-14 19:41:36,286 - SOAP - INFO - Called method get_math_operation_all
2019-03-14 19:41:36,288 - SOAP - INFO - Match 16 records
2019-03-14 19:41:43,225 - SOAP - INFO - Called method reset_math_operation with parameters: iid=17, name=Andrey(c),type_of_argument=порядковый, type_of_value=порядковый, description=Делает пидором
2019-03-14 19:41:43,282 - SOAP - INFO - Called method get_math_operation_all
2019-03-14 19:41:43,284 - SOAP - INFO - Match 16 records
2019-03-14 19:41:57,210 - SOAP - INFO - Called method reset_math_operation with parameters: iid=17, name=СТАС(c),type_of_argument=порядковый, type_of_value=порядковый, description=Делает пидором
2019-03-14 19:41:57,247 - SOAP - INFO - Called method get_math_operation_all
2019-03-14 19:41:57,248 - SOAP - INFO - Match 16 records
2019-03-14 19:41:59,206 - SOAP - INFO - Called method get_math_operation_all
2019-03-14 19:41:59,209 - SOAP - INFO - Match 16 records
2019-03-14 19:41:59,652 - SOAP - INFO - Called method get_math_operation_all
2019-03-14 19:41:59,655 - SOAP - INFO - Match 16 records
2019-03-14 19:41:59,862 - SOAP - INFO - Called method get_math_operation_all
2019-03-14 19:41:59,866 - SOAP - INFO - Match 16 records
2019-03-14 19:57:59,853 - SOAP - INFO - Called method get_type_all
2019-03-14 19:57:59,938 - SOAP - INFO - Match 9 records
2019-03-14 19:58:01,868 - SOAP - INFO - Called method get_math_operation_all
2019-03-14 19:58:01,873 - SOAP - INFO - Match 15 records
2019-03-14 21:28:52,551 - SOAP - INFO - Start server at 127.0.0.1:8000
2019-03-14 22:37:16,375 - SOAP - INFO - Start server at 127.0.0.1:8000
2019-03-15 07:48:07,742 - SOAP - INFO - Start server at 127.0.0.1:8000
2019-03-15 07:51:05,410 - SOAP - INFO - Called method get_math_operation_all
2019-03-15 07:51:05,459 - SOAP - INFO - Match 15 records
2019-03-15 07:51:06,797 - SOAP - INFO - Called method get_class_all
2019-03-15 07:51:06,827 - SOAP - INFO - Match 12 records
2019-03-15 07:51:08,017 - SOAP - INFO - Called method get_type_all
2019-03-15 07:51:08,022 - SOAP - INFO - Match 9 records
2019-03-15 07:51:09,671 - SOAP - INFO - Called method get_math_operation_all
2019-03-15 07:51:09,674 - SOAP - INFO - Match 15 records
2019-03-15 07:51:10,429 - SOAP - INFO - Called method get_class_all
2019-03-15 07:51:10,432 - SOAP - INFO - Match 12 records
2019-03-15 07:51:11,368 - SOAP - INFO - Called method get_type_all
2019-03-15 07:51:11,370 - SOAP - INFO - Match 9 records
2019-03-15 07:51:12,006 - SOAP - INFO - Called method get_math_operation_all
2019-03-15 07:51:12,010 - SOAP - INFO - Match 15 records
2019-03-15 07:51:12,773 - SOAP - INFO - Called method get_class_all
2019-03-15 07:51:12,777 - SOAP - INFO - Match 12 records
2019-03-15 07:51:13,408 - SOAP - INFO - Called method get_math_operation_all
2019-03-15 07:51:13,412 - SOAP - INFO - Match 15 records
2019-03-15 07:51:14,032 - SOAP - INFO - Called method get_type_all
2019-03-15 07:51:14,036 - SOAP - INFO - Match 9 records
2019-03-15 07:51:14,571 - SOAP - INFO - Called method get_math_operation_all
2019-03-15 07:51:14,572 - SOAP - INFO - Match 15 records
2019-03-15 07:51:15,263 - SOAP - INFO - Called method get_class_all
2019-03-15 07:51:15,265 - SOAP - INFO - Match 12 records
2019-03-15 07:51:15,894 - SOAP - INFO - Called method get_math_operation_all
2019-03-15 07:51:15,896 - SOAP - INFO - Match 15 records
2019-03-15 07:51:16,582 - SOAP - INFO - Called method get_type_all
2019-03-15 07:51:16,585 - SOAP - INFO - Match 9 records
2019-03-15 07:55:14,429 - SOAP - INFO - Called method get_type_all
2019-03-15 07:55:14,431 - SOAP - INFO - Match 9 records
2019-03-15 07:55:16,727 - SOAP - INFO - Called method get_math_operation_all
2019-03-15 07:55:16,730 - SOAP - INFO - Match 15 records
2019-03-15 07:55:17,586 - SOAP - INFO - Called method get_class_all
2019-03-15 07:55:17,588 - SOAP - INFO - Match 12 records
2019-03-15 07:59:16,598 - SOAP - INFO - Start server at 127.0.0.1:8000
2019-03-15 07:59:57,883 - SOAP - INFO - Start server at 127.0.0.1:8000
2019-03-15 08:08:03,598 - SOAP - INFO - Start server at 127.0.0.1:8000
2019-03-15 08:10:32,418 - SOAP - INFO - Called method get_type_all
2019-03-15 08:10:32,746 - SOAP - INFO - Match 9 records
2019-03-15 08:10:32,776 - SOAP - INFO - Called method get_type_all
2019-03-15 08:10:32,778 - SOAP - INFO - Match 9 records
2019-03-15 08:10:33,808 - SOAP - INFO - Called method get_math_operation_all
2019-03-15 08:10:33,810 - SOAP - INFO - Match 15 records
2019-03-15 08:10:35,135 - SOAP - INFO - Called method get_class_all
2019-03-15 08:10:35,137 - SOAP - INFO - Match 12 records
2019-03-15 11:49:00,500 - SOAP - INFO - Start server at 127.0.0.1:8000
2019-03-15 11:59:51,493 - SOAP - INFO - Called method get_type_all
2019-03-15 11:59:51,532 - SOAP - INFO - Match 9 records
2019-03-15 11:59:52,116 - SOAP - INFO - Called method get_math_operation_all
2019-03-15 11:59:52,121 - SOAP - INFO - Match 15 records
2019-03-15 11:59:52,835 - SOAP - INFO - Called method get_class_all
2019-03-15 11:59:52,839 - SOAP - INFO - Match 12 records
2019-03-15 12:40:15,773 - SOAP - INFO - Start server at 127.0.0.1:8000
2019-03-15 12:42:09,389 - SOAP - INFO - Called method get_type_all
2019-03-15 12:42:09,408 - SOAP - INFO - Match 9 records
2019-03-15 12:42:09,814 - SOAP - INFO - Called method get_math_operation_all
2019-03-15 12:42:09,818 - SOAP - INFO - Match 15 records
2019-03-15 12:42:10,422 - SOAP - INFO - Called method get_type_all
2019-03-15 12:42:10,425 - SOAP - INFO - Match 9 records
2019-03-15 12:42:10,866 - SOAP - INFO - Called method get_class_all
2019-03-15 12:42:10,870 - SOAP - INFO - Match 12 records
2019-03-15 12:51:03,692 - SOAP - INFO - Called method get_type_all
2019-03-15 12:51:03,710 - SOAP - INFO - Match 9 records
2019-03-15 12:51:04,160 - SOAP - INFO - Called method get_math_operation_all
2019-03-15 12:51:04,163 - SOAP - INFO - Match 15 records
2019-03-15 12:51:04,565 - SOAP - INFO - Called method get_class_all
2019-03-15 12:51:04,569 - SOAP - INFO - Match 12 records
2019-03-15 13:11:09,044 - SOAP - INFO - Start server at 127.0.0.1:8000
2019-03-15 13:11:09,045 - SOAP - INFO - Start server at 127.0.0.1:8000
2019-03-15 13:11:09,045 - SOAP - INFO - Start server at 127.0.0.1:8000
2019-03-15 13:11:14,485 - SOAP - INFO - Start server at 127.0.0.1:8000
2019-03-15 13:11:14,531 - SOAP - INFO - Start server at 127.0.0.1:8000
2019-03-15 13:11:14,648 - SOAP - INFO - Start server at 127.0.0.1:8000
2019-03-15 13:11:19,865 - SOAP - INFO - Start server at 127.0.0.1:8000
2019-03-15 13:11:20,037 - SOAP - INFO - Start server at 127.0.0.1:8000
2019-03-15 13:11:20,135 - SOAP - INFO - Start server at 127.0.0.1:8000
2019-03-15 13:11:25,383 - SOAP - INFO - Start server at 127.0.0.1:8000
2019-03-15 13:11:25,579 - SOAP - INFO - Start server at 127.0.0.1:8000
2019-03-15 13:11:25,695 - SOAP - INFO - Start server at 127.0.0.1:8000
2019-03-15 13:11:30,782 - SOAP - INFO - Start server at 127.0.0.1:8000
2019-03-15 13:11:30,990 - SOAP - INFO - Start server at 127.0.0.1:8000
2019-03-15 13:11:31,070 - SOAP - INFO - Start server at 127.0.0.1:8000
2019-03-15 13:11:36,166 - SOAP - INFO - Start server at 127.0.0.1:8000
2019-03-15 13:11:36,465 - SOAP - INFO - Start server at 127.0.0.1:8000
2019-03-15 13:11:36,534 - SOAP - INFO - Start server at 127.0.0.1:8000
2019-03-15 13:11:41,540 - SOAP - INFO - Start server at 127.0.0.1:8000
2019-03-15 13:11:42,005 - SOAP - INFO - Start server at 127.0.0.1:8000
2019-03-15 13:11:42,101 - SOAP - INFO - Start server at 127.0.0.1:8000
2019-03-15 13:11:58,137 - SOAP - INFO - Called method get_type_all
2019-03-15 13:11:58,374 - SOAP - INFO - Match 9 records
2019-03-15 13:11:59,521 - SOAP - INFO - Called method get_math_operation_all
2019-03-15 13:11:59,535 - SOAP - INFO - Match 15 records
2019-03-15 13:12:00,068 - SOAP - INFO - Called method get_class_all
2019-03-15 13:12:00,074 - SOAP - INFO - Match 12 records
2019-03-15 13:12:00,696 - SOAP - INFO - Called method get_math_operation_all
2019-03-15 13:12:00,709 - SOAP - INFO - Match 15 records
2019-03-15 13:12:01,081 - SOAP - INFO - Called method get_type_all
2019-03-15 13:12:01,083 - SOAP - INFO - Match 9 records
2019-03-15 13:19:10,382 - SOAP - INFO - Called method get_type_all
2019-03-15 13:19:10,394 - SOAP - INFO - Match 9 records
2019-03-15 13:19:10,832 - SOAP - INFO - Called method get_math_operation_all
2019-03-15 13:19:10,836 - SOAP - INFO - Match 15 records
2019-03-15 13:19:11,254 - SOAP - INFO - Called method get_class_all
2019-03-15 13:19:11,259 - SOAP - INFO - Match 12 records
2019-03-15 13:22:12,173 - SOAP - INFO - Called method get_type_all
2019-03-15 13:22:12,191 - SOAP - INFO - Match 9 records
2019-03-15 13:22:12,665 - SOAP - INFO - Called method get_math_operation_all
2019-03-15 13:22:13,262 - SOAP - INFO - Match 15 records
2019-03-15 13:22:13,306 - SOAP - INFO - Called method get_class_all
2019-03-15 13:22:13,308 - SOAP - INFO - Match 12 records
2019-03-15 13:22:13,942 - SOAP - INFO - Called method get_math_operation_all
2019-03-15 13:22:13,944 - SOAP - INFO - Match 15 records
2019-03-15 13:22:14,327 - SOAP - INFO - Called method get_class_all
2019-03-15 13:22:14,330 - SOAP - INFO - Match 12 records
2019-03-15 13:22:15,925 - SOAP - INFO - Called method get_type_all
2019-03-15 13:22:15,929 - SOAP - INFO - Match 9 records
2019-03-15 13:22:16,388 - SOAP - INFO - Called method get_math_operation_all
2019-03-15 13:22:16,389 - SOAP - INFO - Match 15 records
2019-03-15 13:22:16,923 - SOAP - INFO - Called method get_class_all
2019-03-15 13:22:16,924 - SOAP - INFO - Match 12 records
2019-03-15 13:30:56,195 - SOAP - INFO - Called method get_type_all
2019-03-15 13:30:56,234 - SOAP - INFO - Match 9 records
2019-03-15 13:30:56,704 - SOAP - INFO - Called method get_math_operation_all
2019-03-15 13:30:56,721 - SOAP - INFO - Match 15 records
2019-03-15 13:30:57,236 - SOAP - INFO - Called method get_class_all
2019-03-15 13:30:57,254 - SOAP - INFO - Match 12 records
2019-03-15 19:23:33,427 - SOAP - INFO - Called method get_class_all
2019-03-15 19:23:33,453 - SOAP - INFO - Match 13 records
2019-03-15 20:16:46,709 - SOAP - INFO - Called method get_type_all
2019-03-15 20:16:46,736 - SOAP - INFO - Match 10 records
2019-03-15 20:16:51,445 - SOAP - INFO - Called method get_type_all
2019-03-15 20:16:51,464 - SOAP - INFO - Match 10 records
2019-03-15 20:16:52,410 - SOAP - INFO - Called method get_math_operation_all
2019-03-15 20:16:52,412 - SOAP - INFO - Match 23 records
2019-03-15 20:16:53,527 - SOAP - INFO - Called method get_class_all
2019-03-15 20:16:53,542 - SOAP - INFO - Match 12 records
2019-03-15 20:17:22,042 - SOAP - INFO - Called method get_type_all
2019-03-15 20:17:22,057 - SOAP - INFO - Match 10 records
2019-03-15 20:17:23,332 - SOAP - INFO - Called method get_math_operation_all
2019-03-15 20:17:23,348 - SOAP - INFO - Match 23 records
2019-03-15 20:17:24,220 - SOAP - INFO - Called method get_class_all
2019-03-15 20:17:24,235 - SOAP - INFO - Match 12 records
2019-03-15 20:17:25,716 - SOAP - INFO - Called method get_math_operation_all
2019-03-15 20:17:25,728 - SOAP - INFO - Match 23 records
2019-03-15 20:17:26,426 - SOAP - INFO - Called method get_type_all
2019-03-15 20:17:26,429 - SOAP - INFO - Match 10 records
2019-03-15 20:22:41,897 - SOAP - INFO - Called method get_type_all
2019-03-15 20:22:41,912 - SOAP - INFO - Match 10 records
2019-03-15 20:22:43,277 - SOAP - INFO - Called method get_math_operation_all
2019-03-15 20:22:43,279 - SOAP - INFO - Match 23 records
2019-03-15 20:22:44,242 - SOAP - INFO - Called method get_class_all
2019-03-15 20:26:40,901 - RPC - INFO - Start server at 127.0.0.1:8000
2019-03-15 20:26:41,056 - RPC - INFO - Start server at 127.0.0.1:8000
2019-03-15 20:26:41,059 - RPC - INFO - Start server at 127.0.0.1:8000
2019-03-15 20:26:44,783 - SOAP - INFO - Called method get_class_all
2019-03-15 20:28:22,461 - SOAP - INFO - Start server at 127.0.0.1:8000
2019-03-15 20:28:22,563 - SOAP - INFO - Start server at 127.0.0.1:8000
2019-03-15 20:28:22,617 - SOAP - INFO - Start server at 127.0.0.1:8000
2019-03-15 20:28:26,259 - SOAP - INFO - Called method get_class_all
2019-03-15 20:28:26,278 - SOAP - INFO - Match 12 records
2019-03-15 20:39:11,388 - SOAP - INFO - Start server at 127.0.0.1:8000
2019-03-15 20:39:11,535 - SOAP - INFO - Start server at 127.0.0.1:8000
2019-03-15 20:39:11,617 - SOAP - INFO - Start server at 127.0.0.1:8000
2019-03-15 20:39:17,037 - SOAP - INFO - Called method get_type_all
2019-03-15 20:39:17,051 - SOAP - INFO - Match 10 records
2019-03-15 20:39:18,145 - SOAP - INFO - Called method get_math_operation_all
2019-03-15 20:39:18,150 - SOAP - INFO - Match 23 records
2019-03-15 20:39:18,811 - SOAP - INFO - Called method get_class_all
2019-03-15 20:39:18,829 - SOAP - INFO - Match 12 records
2019-03-16 08:02:14,772 - SOAP - INFO - Start server at 127.0.0.1:8000
2019-03-16 08:02:14,782 - SOAP - INFO - Start server at 127.0.0.1:8000
2019-03-16 08:02:14,782 - SOAP - INFO - Start server at 127.0.0.1:8000
2019-03-16 08:41:27,874 - SOAP - INFO - Called method get_class_all
2019-03-16 08:41:27,890 - SOAP - INFO - Match 13 records
2019-03-16 08:41:32,747 - SOAP - INFO - Called method reset_class with parameters: iid=24, name=MyClass12,num_of_methods=23, num_of_properties=96
2019-03-16 08:41:32,815 - SOAP - INFO - Called method get_class_all
2019-03-16 08:41:32,817 - SOAP - INFO - Match 13 records
2019-03-16 08:42:52,147 - SOAP - INFO - Called method delete_class with parameters: iid=24
2019-03-16 08:42:52,293 - SOAP - INFO - Called method get_class_all
2019-03-16 08:42:52,295 - SOAP - INFO - Match 12 records
2019-03-16 08:43:12,716 - SOAP - INFO - Called method get_math_operation_all
2019-03-16 08:43:12,721 - SOAP - INFO - Match 23 records
2019-03-16 08:43:19,051 - SOAP - INFO - Called method get_class_all
2019-03-16 08:43:19,053 - SOAP - INFO - Match 12 records
2019-03-16 08:43:43,873 - SOAP - INFO - Called method get_type_all
2019-03-16 08:43:43,875 - SOAP - INFO - Match 10 records
2019-03-16 08:44:06,594 - SOAP - INFO - Called method get_math_operation_all
2019-03-16 08:44:06,598 - SOAP - INFO - Match 23 records
2019-03-16 08:44:38,426 - SOAP - INFO - Called method get_type_all
2019-03-16 08:44:38,430 - SOAP - INFO - Match 10 records
2019-03-16 08:44:39,739 - SOAP - INFO - Called method get_math_operation_all
2019-03-16 08:44:39,741 - SOAP - INFO - Match 23 records
2019-03-16 08:44:45,057 - SOAP - INFO - Called method get_type_all
2019-03-16 08:44:45,059 - SOAP - INFO - Match 10 records
2019-03-16 08:44:46,441 - SOAP - INFO - Called method get_math_operation_all
2019-03-16 08:44:46,444 - SOAP - INFO - Match 23 records
2019-03-16 08:44:50,872 - SOAP - INFO - Called method get_math_operation_all
2019-03-16 08:44:50,874 - SOAP - INFO - Match 23 records
2019-03-16 08:44:51,637 - SOAP - INFO - Called method get_type_all
2019-03-16 08:44:51,640 - SOAP - INFO - Match 10 records
2019-03-16 08:44:52,358 - SOAP - INFO - Called method get_math_operation_all
2019-03-16 08:44:52,361 - SOAP - INFO - Match 23 records
2019-03-16 08:44:56,306 - SOAP - INFO - Called method get_type_all
2019-03-16 08:44:56,308 - SOAP - INFO - Match 10 records
2019-03-22 15:30:19,117 - SOAP - INFO - Start server at 127.0.0.1:8000
2019-03-30 08:56:54,386 - SOAP - INFO - Start server at 127.0.0.1:8000
2019-03-30 09:10:14,736 - SOAP - INFO - Start server at 127.0.0.1:8000
2019-03-30 09:10:26,172 - SOAP - INFO - Called method get_type_all
2019-03-30 09:10:26,412 - SOAP - INFO - Match 10 records
2019-03-30 09:10:27,280 - SOAP - INFO - Called method get_math_operation_all
2019-03-30 09:10:27,284 - SOAP - INFO - Match 23 records
2019-03-31 18:47:33,841 - SOAP - INFO - Start server at 127.0.0.1:8000
2019-03-31 18:47:49,367 - SOAP - INFO - Start server at 127.0.0.1:8000
2019-03-31 18:47:59,416 - SOAP - INFO - Called method get_type_all
2019-03-31 18:47:59,512 - SOAP - INFO - Match 10 records
2019-03-31 18:48:00,424 - SOAP - INFO - Called method get_math_operation_all
2019-03-31 18:48:00,427 - SOAP - INFO - Match 23 records
2019-03-31 18:48:01,240 - SOAP - INFO - Called method get_class_all
2019-03-31 18:48:01,242 - SOAP - INFO - Match 12 records
